# JRE version: OpenJDK Runtime Environment (17.0.6) (build 17.0.6+0-b2043.56-10027231)
# Java VM: OpenJDK 64-Bit Server VM (17.0.6+0-b2043.56-10027231, mixed mode, tiered, compressed oops, compressed class ptrs, g1 gc, windows-amd64)
GC Precious Log:
 CPUs: 8 total, 8 available
 Memory: 8023M
 Large Page Support: Disabled
 NUMA Support: Disabled
 Compressed Oops: Enabled (32-bit)
 Heap Region Size: 1M
 Heap Min Capacity: 8M
 Heap Initial Capacity: 126M
 Heap Max Capacity: 1536M
 Pre-touch: Disabled
 Parallel Workers: 8
 Concurrent Workers: 2
 Concurrent Refinement Workers: 8
 Periodic GC: Disabled
Heap:
 garbage-first heap   total 244736K, used 129806K [0x00000000a0000000, 0x0000000100000000)
  region size 1024K, 8 young (8192K), 6 survivors (6144K)
 Metaspace       used 93905K, committed 94848K, reserved 1138688K
  class space    used 12845K, committed 13248K, reserved 1048576K
GC Heap History (20 events):
Event: 23.406 GC heap before
{Heap before GC invocations=57 (full 0):
 garbage-first heap   total 150528K, used 120165K [0x00000000a0000000, 0x0000000100000000)
  region size 1024K, 36 young (36864K), 2 survivors (2048K)
 Metaspace       used 81470K, committed 82176K, reserved 1122304K
  class space    used 11073K, committed 11392K, reserved 1048576K
}
Event: 23.412 GC heap after
{Heap after GC invocations=58 (full 0):
 garbage-first heap   total 150528K, used 92805K [0x00000000a0000000, 0x0000000100000000)
  region size 1024K, 5 young (5120K), 5 survivors (5120K)
 Metaspace       used 81470K, committed 82176K, reserved 1122304K
  class space    used 11073K, committed 11392K, reserved 1048576K
}
Event: 24.335 GC heap before
{Heap before GC invocations=58 (full 0):
 garbage-first heap   total 150528K, used 122501K [0x00000000a0000000, 0x0000000100000000)
  region size 1024K, 35 young (35840K), 5 survivors (5120K)
 Metaspace       used 81898K, committed 82752K, reserved 1122304K
  class space    used 11121K, committed 11456K, reserved 1048576K
}
Event: 24.345 GC heap after
{Heap after GC invocations=59 (full 0):
 garbage-first heap   total 150528K, used 97925K [0x00000000a0000000, 0x0000000100000000)
  region size 1024K, 5 young (5120K), 5 survivors (5120K)
 Metaspace       used 81898K, committed 82752K, reserved 1122304K
  class space    used 11121K, committed 11456K, reserved 1048576K
}
Event: 25.006 GC heap before
{Heap before GC invocations=60 (full 0):
 garbage-first heap   total 173056K, used 123525K [0x00000000a0000000, 0x0000000100000000)
  region size 1024K, 30 young (30720K), 5 survivors (5120K)
 Metaspace       used 82479K, committed 83328K, reserved 1122304K
  class space    used 11206K, committed 11584K, reserved 1048576K
}
Event: 25.015 GC heap after
{Heap after GC invocations=61 (full 0):
 garbage-first heap   total 173056K, used 102280K [0x00000000a0000000, 0x0000000100000000)
  region size 1024K, 4 young (4096K), 4 survivors (4096K)
 Metaspace       used 82479K, committed 83328K, reserved 1122304K
  class space    used 11206K, committed 11584K, reserved 1048576K
}
Event: 26.086 GC heap before
{Heap before GC invocations=61 (full 0):
 garbage-first heap   total 173056K, used 139144K [0x00000000a0000000, 0x0000000100000000)
  region size 1024K, 40 young (40960K), 4 survivors (4096K)
 Metaspace       used 86461K, committed 87296K, reserved 1130496K
  class space    used 11846K, committed 12224K, reserved 1048576K
}
Event: 26.094 GC heap after
{Heap after GC invocations=62 (full 0):
 garbage-first heap   total 173056K, used 106396K [0x00000000a0000000, 0x0000000100000000)
  region size 1024K, 4 young (4096K), 4 survivors (4096K)
 Metaspace       used 86461K, committed 87296K, reserved 1130496K
  class space    used 11846K, committed 12224K, reserved 1048576K
}
Event: 27.005 GC heap before
{Heap before GC invocations=63 (full 0):
 garbage-first heap   total 184320K, used 140188K [0x00000000a0000000, 0x0000000100000000)
  region size 1024K, 37 young (37888K), 4 survivors (4096K)
 Metaspace       used 90239K, committed 91072K, reserved 1130496K
  class space    used 12299K, committed 12672K, reserved 1048576K
}
Event: 27.014 GC heap after
{Heap after GC invocations=64 (full 0):
 garbage-first heap   total 184320K, used 109759K [0x00000000a0000000, 0x0000000100000000)
  region size 1024K, 4 young (4096K), 4 survivors (4096K)
 Metaspace       used 90239K, committed 91072K, reserved 1130496K
  class space    used 12299K, committed 12672K, reserved 1048576K
}
Event: 27.091 GC heap before
{Heap before GC invocations=64 (full 0):
 garbage-first heap   total 184320K, used 114879K [0x00000000a0000000, 0x0000000100000000)
  region size 1024K, 9 young (9216K), 4 survivors (4096K)
 Metaspace       used 90518K, committed 91392K, reserved 1130496K
  class space    used 12336K, committed 12736K, reserved 1048576K
}
Event: 27.096 GC heap after
{Heap after GC invocations=65 (full 0):
 garbage-first heap   total 184320K, used 109906K [0x00000000a0000000, 0x0000000100000000)
  region size 1024K, 1 young (1024K), 1 survivors (1024K)
 Metaspace       used 90518K, committed 91392K, reserved 1130496K
  class space    used 12336K, committed 12736K, reserved 1048576K
}
Event: 27.823 GC heap before
{Heap before GC invocations=65 (full 0):
 garbage-first heap   total 184320K, used 148818K [0x00000000a0000000, 0x0000000100000000)
  region size 1024K, 39 young (39936K), 1 survivors (1024K)
 Metaspace       used 91493K, committed 92416K, reserved 1130496K
  class space    used 12452K, committed 12864K, reserved 1048576K
}
Event: 27.835 GC heap after
{Heap after GC invocations=66 (full 0):
 garbage-first heap   total 184320K, used 119132K [0x00000000a0000000, 0x0000000100000000)
  region size 1024K, 5 young (5120K), 5 survivors (5120K)
 Metaspace       used 91493K, committed 92416K, reserved 1130496K
  class space    used 12452K, committed 12864K, reserved 1048576K
}
Event: 28.395 GC heap before
{Heap before GC invocations=67 (full 0):
 garbage-first heap   total 203776K, used 147804K [0x00000000a0000000, 0x0000000100000000)
  region size 1024K, 33 young (33792K), 5 survivors (5120K)
 Metaspace       used 92381K, committed 93376K, reserved 1130496K
  class space    used 12564K, committed 12992K, reserved 1048576K
}
Event: 28.403 GC heap after
{Heap after GC invocations=68 (full 0):
 garbage-first heap   total 203776K, used 123621K [0x00000000a0000000, 0x0000000100000000)
  region size 1024K, 4 young (4096K), 4 survivors (4096K)
 Metaspace       used 92381K, committed 93376K, reserved 1130496K
  class space    used 12564K, committed 12992K, reserved 1048576K
}
Event: 28.531 GC heap before
{Heap before GC invocations=68 (full 0):
 garbage-first heap   total 203776K, used 128741K [0x00000000a0000000, 0x0000000100000000)
  region size 1024K, 9 young (9216K), 4 survivors (4096K)
 Metaspace       used 92612K, committed 93568K, reserved 1130496K
  class space    used 12597K, committed 12992K, reserved 1048576K
}
Event: 28.538 GC heap after
{Heap after GC invocations=69 (full 0):
 garbage-first heap   total 244736K, used 124640K [0x00000000a0000000, 0x0000000100000000)
  region size 1024K, 2 young (2048K), 2 survivors (2048K)
 Metaspace       used 92612K, committed 93568K, reserved 1130496K
  class space    used 12597K, committed 12992K, reserved 1048576K
}
Event: 29.844 GC heap before
{Heap before GC invocations=69 (full 0):
 garbage-first heap   total 244736K, used 188128K [0x00000000a0000000, 0x0000000100000000)
  region size 1024K, 64 young (65536K), 2 survivors (2048K)
 Metaspace       used 93882K, committed 94848K, reserved 1138688K
  class space    used 12840K, committed 13248K, reserved 1048576K
}
Event: 29.857 GC heap after
{Heap after GC invocations=70 (full 0):
 garbage-first heap   total 244736K, used 128782K [0x00000000a0000000, 0x0000000100000000)
  region size 1024K, 6 young (6144K), 6 survivors (6144K)
 Metaspace       used 93882K, committed 94848K, reserved 1138688K
  class space    used 12840K, committed 13248K, reserved 1048576K
}

