# JRE version: OpenJDK Runtime Environment (17.0.6) (build 17.0.6+0-b2043.56-10027231)
# Java VM: OpenJDK 64-Bit Server VM (17.0.6+0-b2043.56-10027231, mixed mode, tiered, compressed oops, compressed class ptrs, g1 gc, windows-amd64)
GC Precious Log:
 CPUs: 8 total, 8 available
 Memory: 8023M
 Large Page Support: Disabled
 NUMA Support: Disabled
 Compressed Oops: Enabled (32-bit)
 Heap Region Size: 1M
 Heap Min Capacity: 8M
 Heap Initial Capacity: 126M
 Heap Max Capacity: 1536M
 Pre-touch: Disabled
 Parallel Workers: 8
 Concurrent Workers: 2
 Concurrent Refinement Workers: 8
 Periodic GC: Disabled
Heap:
 garbage-first heap   total 65536K, used 39082K [0x00000000a0000000, 0x0000000100000000)
  region size 1024K, 21 young (21504K), 1 survivors (1024K)
 Metaspace       used 29338K, committed 29632K, reserved 1081344K
  class space    used 3943K, committed 4096K, reserved 1048576K
GC Heap History (10 events):
Event: 1.302 GC heap before
{Heap before GC invocations=0 (full 0):
 garbage-first heap   total 129024K, used 28672K [0x00000000a0000000, 0x0000000100000000)
  region size 1024K, 23 young (23552K), 0 survivors (0K)
 Metaspace       used 10227K, committed 10432K, reserved 1064960K
  class space    used 1057K, committed 1152K, reserved 1048576K
}
Event: 1.308 GC heap after
{Heap after GC invocations=1 (full 0):
 garbage-first heap   total 129024K, used 8952K [0x00000000a0000000, 0x0000000100000000)
  region size 1024K, 3 young (3072K), 3 survivors (3072K)
 Metaspace       used 10227K, committed 10432K, reserved 1064960K
  class space    used 1057K, committed 1152K, reserved 1048576K
}
Event: 7.881 GC heap before
{Heap before GC invocations=1 (full 0):
 garbage-first heap   total 129024K, used 38648K [0x00000000a0000000, 0x0000000100000000)
  region size 1024K, 31 young (31744K), 3 survivors (3072K)
 Metaspace       used 11175K, committed 11392K, reserved 1064960K
  class space    used 1160K, committed 1280K, reserved 1048576K
}
Event: 7.886 GC heap after
{Heap after GC invocations=2 (full 0):
 garbage-first heap   total 129024K, used 13066K [0x00000000a0000000, 0x0000000100000000)
  region size 1024K, 4 young (4096K), 4 survivors (4096K)
 Metaspace       used 11175K, committed 11392K, reserved 1064960K
  class space    used 1160K, committed 1280K, reserved 1048576K
}
Event: 9.452 GC heap before
{Heap before GC invocations=2 (full 0):
 garbage-first heap   total 129024K, used 53002K [0x00000000a0000000, 0x0000000100000000)
  region size 1024K, 44 young (45056K), 4 survivors (4096K)
 Metaspace       used 21300K, committed 21504K, reserved 1073152K
  class space    used 2589K, committed 2688K, reserved 1048576K
}
Event: 9.458 GC heap after
{Heap after GC invocations=3 (full 0):
 garbage-first heap   total 129024K, used 17522K [0x00000000a0000000, 0x0000000100000000)
  region size 1024K, 9 young (9216K), 9 survivors (9216K)
 Metaspace       used 21300K, committed 21504K, reserved 1073152K
  class space    used 2589K, committed 2688K, reserved 1048576K
}
Event: 10.314 GC heap before
{Heap before GC invocations=4 (full 0):
 garbage-first heap   total 65536K, used 46194K [0x00000000a0000000, 0x0000000100000000)
  region size 1024K, 38 young (38912K), 9 survivors (9216K)
 Metaspace       used 26110K, committed 26368K, reserved 1073152K
  class space    used 3419K, committed 3520K, reserved 1048576K
}
Event: 10.319 GC heap after
{Heap after GC invocations=5 (full 0):
 garbage-first heap   total 65536K, used 19241K [0x00000000a0000000, 0x0000000100000000)
  region size 1024K, 3 young (3072K), 3 survivors (3072K)
 Metaspace       used 26110K, committed 26368K, reserved 1073152K
  class space    used 3419K, committed 3520K, reserved 1048576K
}
Event: 10.347 GC heap before
{Heap before GC invocations=5 (full 0):
 garbage-first heap   total 65536K, used 19241K [0x00000000a0000000, 0x0000000100000000)
  region size 1024K, 4 young (4096K), 3 survivors (3072K)
 Metaspace       used 26320K, committed 26560K, reserved 1073152K
  class space    used 3447K, committed 3584K, reserved 1048576K
}
Event: 10.350 GC heap after
{Heap after GC invocations=6 (full 0):
 garbage-first heap   total 65536K, used 19626K [0x00000000a0000000, 0x0000000100000000)
  region size 1024K, 1 young (1024K), 1 survivors (1024K)
 Metaspace       used 26320K, committed 26560K, reserved 1073152K
  class space    used 3447K, committed 3584K, reserved 1048576K
}

