# JRE version: OpenJDK Runtime Environment (17.0.6) (build 17.0.6+0-b2043.56-10027231)
# Java VM: OpenJDK 64-Bit Server VM (17.0.6+0-b2043.56-10027231, mixed mode, tiered, compressed oops, compressed class ptrs, g1 gc, windows-amd64)
GC Precious Log:
 CPUs: 8 total, 8 available
 Memory: 8023M
 Large Page Support: Disabled
 NUMA Support: Disabled
 Compressed Oops: Enabled (32-bit)
 Heap Region Size: 1M
 Heap Min Capacity: 8M
 Heap Initial Capacity: 126M
 Heap Max Capacity: 1536M
 Pre-touch: Disabled
 Parallel Workers: 8
 Concurrent Workers: 2
 Concurrent Refinement Workers: 8
 Periodic GC: Disabled
Heap:
 garbage-first heap   total 375808K, used 246218K [0x00000000a0000000, 0x0000000100000000)
  region size 1024K, 127 young (130048K), 2 survivors (2048K)
 Metaspace       used 161559K, committed 163264K, reserved 1196032K
  class space    used 21587K, committed 22336K, reserved 1048576K
GC Heap History (20 events):
Event: 6451.725 GC heap before
{Heap before GC invocations=151 (full 1):
 garbage-first heap   total 277504K, used 214787K [0x00000000a0000000, 0x0000000100000000)
  region size 1024K, 13 young (13312K), 3 survivors (3072K)
 Metaspace       used 156835K, committed 158272K, reserved 1187840K
  class space    used 20779K, committed 21504K, reserved 1048576K
}
Event: 6451.728 GC heap after
{Heap after GC invocations=152 (full 1):
 garbage-first heap   total 277504K, used 97372K [0x00000000a0000000, 0x0000000100000000)
  region size 1024K, 2 young (2048K), 2 survivors (2048K)
 Metaspace       used 156835K, committed 158272K, reserved 1187840K
  class space    used 20779K, committed 21504K, reserved 1048576K
}
Event: 6696.831 GC heap before
{Heap before GC invocations=152 (full 1):
 garbage-first heap   total 277504K, used 197724K [0x00000000a0000000, 0x0000000100000000)
  region size 1024K, 102 young (104448K), 2 survivors (2048K)
 Metaspace       used 157284K, committed 158528K, reserved 1187840K
  class space    used 20847K, committed 21504K, reserved 1048576K
}
Event: 6696.842 GC heap after
{Heap after GC invocations=153 (full 1):
 garbage-first heap   total 277504K, used 107167K [0x00000000a0000000, 0x0000000100000000)
  region size 1024K, 11 young (11264K), 11 survivors (11264K)
 Metaspace       used 157284K, committed 158528K, reserved 1187840K
  class space    used 20847K, committed 21504K, reserved 1048576K
}
Event: 6698.127 GC heap before
{Heap before GC invocations=154 (full 1):
 garbage-first heap   total 321536K, used 300703K [0x00000000a0000000, 0x0000000100000000)
  region size 1024K, 42 young (43008K), 11 survivors (11264K)
 Metaspace       used 157250K, committed 158656K, reserved 1187840K
  class space    used 20831K, committed 21504K, reserved 1048576K
}
Event: 6698.138 GC heap after
{Heap after GC invocations=155 (full 1):
 garbage-first heap   total 321536K, used 131426K [0x00000000a0000000, 0x0000000100000000)
  region size 1024K, 2 young (2048K), 2 survivors (2048K)
 Metaspace       used 157250K, committed 158656K, reserved 1187840K
  class space    used 20831K, committed 21504K, reserved 1048576K
}
Event: 7081.376 GC heap before
{Heap before GC invocations=155 (full 1):
 garbage-first heap   total 321536K, used 187746K [0x00000000a0000000, 0x0000000100000000)
  region size 1024K, 15 young (15360K), 2 survivors (2048K)
 Metaspace       used 157265K, committed 158656K, reserved 1187840K
  class space    used 20831K, committed 21504K, reserved 1048576K
}
Event: 7081.482 GC heap after
{Heap after GC invocations=156 (full 1):
 garbage-first heap   total 321536K, used 109616K [0x00000000a0000000, 0x0000000100000000)
  region size 1024K, 2 young (2048K), 2 survivors (2048K)
 Metaspace       used 157265K, committed 158656K, reserved 1187840K
  class space    used 20831K, committed 21504K, reserved 1048576K
}
Event: 7094.158 GC heap before
{Heap before GC invocations=156 (full 1):
 garbage-first heap   total 321536K, used 194608K [0x00000000a0000000, 0x0000000100000000)
  region size 1024K, 87 young (89088K), 2 survivors (2048K)
 Metaspace       used 157472K, committed 158784K, reserved 1187840K
  class space    used 20836K, committed 21504K, reserved 1048576K
}
Event: 7094.179 GC heap after
{Heap after GC invocations=157 (full 1):
 garbage-first heap   total 321536K, used 118363K [0x00000000a0000000, 0x0000000100000000)
  region size 1024K, 10 young (10240K), 10 survivors (10240K)
 Metaspace       used 157472K, committed 158784K, reserved 1187840K
  class space    used 20836K, committed 21504K, reserved 1048576K
}
Event: 7096.366 GC heap before
{Heap before GC invocations=158 (full 1):
 garbage-first heap   total 339968K, used 321115K [0x00000000a0000000, 0x0000000100000000)
  region size 1024K, 40 young (40960K), 10 survivors (10240K)
 Metaspace       used 157494K, committed 158784K, reserved 1187840K
  class space    used 20838K, committed 21504K, reserved 1048576K
}
Event: 7096.384 GC heap after
{Heap after GC invocations=159 (full 1):
 garbage-first heap   total 339968K, used 136115K [0x00000000a0000000, 0x0000000100000000)
  region size 1024K, 2 young (2048K), 2 survivors (2048K)
 Metaspace       used 157494K, committed 158784K, reserved 1187840K
  class space    used 20838K, committed 21504K, reserved 1048576K
}
Event: 7605.298 GC heap before
{Heap before GC invocations=159 (full 1):
 garbage-first heap   total 339968K, used 184243K [0x00000000a0000000, 0x0000000100000000)
  region size 1024K, 16 young (16384K), 2 survivors (2048K)
 Metaspace       used 157501K, committed 158784K, reserved 1187840K
  class space    used 20838K, committed 21504K, reserved 1048576K
}
Event: 7605.497 GC heap after
{Heap after GC invocations=160 (full 1):
 garbage-first heap   total 339968K, used 117559K [0x00000000a0000000, 0x0000000100000000)
  region size 1024K, 1 young (1024K), 1 survivors (1024K)
 Metaspace       used 157501K, committed 158784K, reserved 1187840K
  class space    used 20838K, committed 21504K, reserved 1048576K
}
Event: 7984.650 GC heap before
{Heap before GC invocations=160 (full 1):
 garbage-first heap   total 339968K, used 215863K [0x00000000a0000000, 0x0000000100000000)
  region size 1024K, 99 young (101376K), 1 survivors (1024K)
 Metaspace       used 158565K, committed 160192K, reserved 1187840K
  class space    used 21070K, committed 21824K, reserved 1048576K
}
Event: 7984.685 GC heap after
{Heap after GC invocations=161 (full 1):
 garbage-first heap   total 339968K, used 127053K [0x00000000a0000000, 0x0000000100000000)
  region size 1024K, 11 young (11264K), 11 survivors (11264K)
 Metaspace       used 158565K, committed 160192K, reserved 1187840K
  class space    used 21070K, committed 21824K, reserved 1048576K
}
Event: 7986.249 GC heap before
{Heap before GC invocations=162 (full 1):
 garbage-first heap   total 375808K, used 355405K [0x00000000a0000000, 0x0000000100000000)
  region size 1024K, 42 young (43008K), 11 survivors (11264K)
 Metaspace       used 158726K, committed 160384K, reserved 1187840K
  class space    used 21112K, committed 21888K, reserved 1048576K
}
Event: 7986.276 GC heap after
{Heap after GC invocations=163 (full 1):
 garbage-first heap   total 375808K, used 142923K [0x00000000a0000000, 0x0000000100000000)
  region size 1024K, 2 young (2048K), 2 survivors (2048K)
 Metaspace       used 158726K, committed 160384K, reserved 1187840K
  class space    used 21112K, committed 21888K, reserved 1048576K
}
Event: 8596.798 GC heap before
{Heap before GC invocations=163 (full 1):
 garbage-first heap   total 375808K, used 165451K [0x00000000a0000000, 0x0000000100000000)
  region size 1024K, 18 young (18432K), 2 survivors (2048K)
 Metaspace       used 158747K, committed 160448K, reserved 1187840K
  class space    used 21115K, committed 21888K, reserved 1048576K
}
Event: 8596.814 GC heap after
{Heap after GC invocations=164 (full 1):
 garbage-first heap   total 375808K, used 120266K [0x00000000a0000000, 0x0000000100000000)
  region size 1024K, 2 young (2048K), 2 survivors (2048K)
 Metaspace       used 158747K, committed 160448K, reserved 1187840K
  class space    used 21115K, committed 21888K, reserved 1048576K
}

