# JRE version: OpenJDK Runtime Environment (17.0.6) (build 17.0.6+0-b2043.56-10027231)
# Java VM: OpenJDK 64-Bit Server VM (17.0.6+0-b2043.56-10027231, mixed mode, tiered, compressed oops, compressed class ptrs, g1 gc, windows-amd64)
GC Precious Log:
 CPUs: 8 total, 8 available
 Memory: 8023M
 Large Page Support: Disabled
 NUMA Support: Disabled
 Compressed Oops: Enabled (32-bit)
 Heap Region Size: 1M
 Heap Min Capacity: 8M
 Heap Initial Capacity: 126M
 Heap Max Capacity: 1536M
 Pre-touch: Disabled
 Parallel Workers: 8
 Concurrent Workers: 2
 Concurrent Refinement Workers: 8
 Periodic GC: Disabled
Heap:
 garbage-first heap   total 133120K, used 81866K [0x00000000a0000000, 0x0000000100000000)
  region size 1024K, 14 young (14336K), 3 survivors (3072K)
 Metaspace       used 70960K, committed 71680K, reserved 1114112K
  class space    used 9348K, committed 9664K, reserved 1048576K
GC Heap History (20 events):
Event: 19.954 GC heap before
{Heap before GC invocations=35 (full 0):
 garbage-first heap   total 97280K, used 75187K [0x00000000a0000000, 0x0000000100000000)
  region size 1024K, 21 young (21504K), 2 survivors (2048K)
 Metaspace       used 65563K, committed 66048K, reserved 1114112K
  class space    used 8566K, committed 8768K, reserved 1048576K
}
Event: 19.958 GC heap after
{Heap after GC invocations=36 (full 0):
 garbage-first heap   total 116736K, used 58071K [0x00000000a0000000, 0x0000000100000000)
  region size 1024K, 3 young (3072K), 3 survivors (3072K)
 Metaspace       used 65563K, committed 66048K, reserved 1114112K
  class space    used 8566K, committed 8768K, reserved 1048576K
}
Event: 20.780 GC heap before
{Heap before GC invocations=37 (full 0):
 garbage-first heap   total 116736K, used 91863K [0x00000000a0000000, 0x0000000100000000)
  region size 1024K, 35 young (35840K), 3 survivors (3072K)
 Metaspace       used 68688K, committed 69248K, reserved 1114112K
  class space    used 8977K, committed 9216K, reserved 1048576K
}
Event: 20.786 GC heap after
{Heap after GC invocations=38 (full 0):
 garbage-first heap   total 116736K, used 59380K [0x00000000a0000000, 0x0000000100000000)
  region size 1024K, 4 young (4096K), 4 survivors (4096K)
 Metaspace       used 68688K, committed 69248K, reserved 1114112K
  class space    used 8977K, committed 9216K, reserved 1048576K
}
Event: 22.265 GC heap before
{Heap before GC invocations=38 (full 0):
 garbage-first heap   total 116736K, used 84980K [0x00000000a0000000, 0x0000000100000000)
  region size 1024K, 30 young (30720K), 4 survivors (4096K)
 Metaspace       used 69162K, committed 69696K, reserved 1114112K
  class space    used 9015K, committed 9280K, reserved 1048576K
}
Event: 22.271 GC heap after
{Heap after GC invocations=39 (full 0):
 garbage-first heap   total 116736K, used 61199K [0x00000000a0000000, 0x0000000100000000)
  region size 1024K, 4 young (4096K), 4 survivors (4096K)
 Metaspace       used 69162K, committed 69696K, reserved 1114112K
  class space    used 9015K, committed 9280K, reserved 1048576K
}
Event: 22.640 GC heap before
{Heap before GC invocations=40 (full 0):
 garbage-first heap   total 116736K, used 63247K [0x00000000a0000000, 0x0000000100000000)
  region size 1024K, 6 young (6144K), 4 survivors (4096K)
 Metaspace       used 69162K, committed 69696K, reserved 1114112K
  class space    used 9015K, committed 9280K, reserved 1048576K
}
Event: 22.645 GC heap after
{Heap after GC invocations=41 (full 0):
 garbage-first heap   total 116736K, used 63269K [0x00000000a0000000, 0x0000000100000000)
  region size 1024K, 3 young (3072K), 3 survivors (3072K)
 Metaspace       used 69162K, committed 69696K, reserved 1114112K
  class space    used 9015K, committed 9280K, reserved 1048576K
}
Event: 23.315 GC heap before
{Heap before GC invocations=42 (full 0):
 garbage-first heap   total 116736K, used 66341K [0x00000000a0000000, 0x0000000100000000)
  region size 1024K, 7 young (7168K), 3 survivors (3072K)
 Metaspace       used 69165K, committed 69696K, reserved 1114112K
  class space    used 9015K, committed 9280K, reserved 1048576K
}
Event: 23.319 GC heap after
{Heap after GC invocations=43 (full 0):
 garbage-first heap   total 116736K, used 66560K [0x00000000a0000000, 0x0000000100000000)
  region size 1024K, 3 young (3072K), 3 survivors (3072K)
 Metaspace       used 69165K, committed 69696K, reserved 1114112K
  class space    used 9015K, committed 9280K, reserved 1048576K
}
Event: 24.074 GC heap before
{Heap before GC invocations=44 (full 0):
 garbage-first heap   total 116736K, used 84992K [0x00000000a0000000, 0x0000000100000000)
  region size 1024K, 20 young (20480K), 3 survivors (3072K)
 Metaspace       used 69399K, committed 70016K, reserved 1114112K
  class space    used 9051K, committed 9344K, reserved 1048576K
}
Event: 24.077 GC heap after
{Heap after GC invocations=45 (full 0):
 garbage-first heap   total 116736K, used 68745K [0x00000000a0000000, 0x0000000100000000)
  region size 1024K, 3 young (3072K), 3 survivors (3072K)
 Metaspace       used 69399K, committed 70016K, reserved 1114112K
  class space    used 9051K, committed 9344K, reserved 1048576K
}
Event: 24.277 GC heap before
{Heap before GC invocations=45 (full 0):
 garbage-first heap   total 116736K, used 86153K [0x00000000a0000000, 0x0000000100000000)
  region size 1024K, 20 young (20480K), 3 survivors (3072K)
 Metaspace       used 69827K, committed 70464K, reserved 1114112K
  class space    used 9127K, committed 9408K, reserved 1048576K
}
Event: 24.281 GC heap after
{Heap after GC invocations=46 (full 0):
 garbage-first heap   total 116736K, used 69855K [0x00000000a0000000, 0x0000000100000000)
  region size 1024K, 2 young (2048K), 2 survivors (2048K)
 Metaspace       used 69827K, committed 70464K, reserved 1114112K
  class space    used 9127K, committed 9408K, reserved 1048576K
}
Event: 24.662 GC heap before
{Heap before GC invocations=47 (full 0):
 garbage-first heap   total 122880K, used 87263K [0x00000000a0000000, 0x0000000100000000)
  region size 1024K, 19 young (19456K), 2 survivors (2048K)
 Metaspace       used 70586K, committed 71232K, reserved 1114112K
  class space    used 9283K, committed 9600K, reserved 1048576K
}
Event: 24.666 GC heap after
{Heap after GC invocations=48 (full 0):
 garbage-first heap   total 122880K, used 70328K [0x00000000a0000000, 0x0000000100000000)
  region size 1024K, 2 young (2048K), 2 survivors (2048K)
 Metaspace       used 70586K, committed 71232K, reserved 1114112K
  class space    used 9283K, committed 9600K, reserved 1048576K
}
Event: 24.771 GC heap before
{Heap before GC invocations=48 (full 0):
 garbage-first heap   total 122880K, used 73400K [0x00000000a0000000, 0x0000000100000000)
  region size 1024K, 6 young (6144K), 2 survivors (2048K)
 Metaspace       used 70723K, committed 71360K, reserved 1114112K
  class space    used 9306K, committed 9600K, reserved 1048576K
}
Event: 24.774 GC heap after
{Heap after GC invocations=49 (full 0):
 garbage-first heap   total 122880K, used 70056K [0x00000000a0000000, 0x0000000100000000)
  region size 1024K, 1 young (1024K), 1 survivors (1024K)
 Metaspace       used 70723K, committed 71360K, reserved 1114112K
  class space    used 9306K, committed 9600K, reserved 1048576K
}
Event: 25.037 GC heap before
{Heap before GC invocations=49 (full 0):
 garbage-first heap   total 122880K, used 93608K [0x00000000a0000000, 0x0000000100000000)
  region size 1024K, 24 young (24576K), 1 survivors (1024K)
 Metaspace       used 70871K, committed 71488K, reserved 1114112K
  class space    used 9325K, committed 9600K, reserved 1048576K
}
Event: 25.041 GC heap after
{Heap after GC invocations=50 (full 0):
 garbage-first heap   total 122880K, used 71626K [0x00000000a0000000, 0x0000000100000000)
  region size 1024K, 3 young (3072K), 3 survivors (3072K)
 Metaspace       used 70871K, committed 71488K, reserved 1114112K
  class space    used 9325K, committed 9600K, reserved 1048576K
}

