# JRE version: OpenJDK Runtime Environment (17.0.6) (build 17.0.6+0-b2043.56-10027231)
# Java VM: OpenJDK 64-Bit Server VM (17.0.6+0-b2043.56-10027231, mixed mode, tiered, compressed oops, compressed class ptrs, g1 gc, windows-amd64)
GC Precious Log:
 CPUs: 8 total, 8 available
 Memory: 8023M
 Large Page Support: Disabled
 NUMA Support: Disabled
 Compressed Oops: Enabled (32-bit)
 Heap Region Size: 1M
 Heap Min Capacity: 8M
 Heap Initial Capacity: 126M
 Heap Max Capacity: 1536M
 Pre-touch: Disabled
 Parallel Workers: 8
 Concurrent Workers: 2
 Concurrent Refinement Workers: 8
 Periodic GC: Disabled
Heap:
 garbage-first heap   total 206848K, used 130551K [0x00000000a0000000, 0x0000000100000000)
  region size 1024K, 6 young (6144K), 6 survivors (6144K)
 Metaspace       used 84637K, committed 85504K, reserved 1130496K
  class space    used 11495K, committed 11840K, reserved 1048576K
GC Heap History (20 events):
Event: 11.378 GC heap after
{Heap after GC invocations=45 (full 0):
 garbage-first heap   total 187392K, used 74407K [0x00000000a0000000, 0x0000000100000000)
  region size 1024K, 3 young (3072K), 3 survivors (3072K)
 Metaspace       used 70934K, committed 71616K, reserved 1114112K
  class space    used 9348K, committed 9664K, reserved 1048576K
}
Event: 12.231 GC heap before
{Heap before GC invocations=46 (full 0):
 garbage-first heap   total 187392K, used 137895K [0x00000000a0000000, 0x0000000100000000)
  region size 1024K, 65 young (66560K), 3 survivors (3072K)
 Metaspace       used 77078K, committed 77760K, reserved 1122304K
  class space    used 10393K, committed 10688K, reserved 1048576K
}
Event: 12.238 GC heap after
{Heap after GC invocations=47 (full 0):
 garbage-first heap   total 187392K, used 78523K [0x00000000a0000000, 0x0000000100000000)
  region size 1024K, 7 young (7168K), 7 survivors (7168K)
 Metaspace       used 77078K, committed 77760K, reserved 1122304K
  class space    used 10393K, committed 10688K, reserved 1048576K
}
Event: 12.265 GC heap before
{Heap before GC invocations=47 (full 0):
 garbage-first heap   total 187392K, used 80571K [0x00000000a0000000, 0x0000000100000000)
  region size 1024K, 9 young (9216K), 7 survivors (7168K)
 Metaspace       used 77260K, committed 77888K, reserved 1122304K
  class space    used 10418K, committed 10688K, reserved 1048576K
}
Event: 12.270 GC heap after
{Heap after GC invocations=48 (full 0):
 garbage-first heap   total 187392K, used 78768K [0x00000000a0000000, 0x0000000100000000)
  region size 1024K, 1 young (1024K), 1 survivors (1024K)
 Metaspace       used 77260K, committed 77888K, reserved 1122304K
  class space    used 10418K, committed 10688K, reserved 1048576K
}
Event: 12.932 GC heap before
{Heap before GC invocations=48 (full 0):
 garbage-first heap   total 187392K, used 142256K [0x00000000a0000000, 0x0000000100000000)
  region size 1024K, 63 young (64512K), 1 survivors (1024K)
 Metaspace       used 79752K, committed 80448K, reserved 1122304K
  class space    used 10804K, committed 11072K, reserved 1048576K
}
Event: 12.941 GC heap after
{Heap after GC invocations=49 (full 0):
 garbage-first heap   total 187392K, used 84452K [0x00000000a0000000, 0x0000000100000000)
  region size 1024K, 7 young (7168K), 7 survivors (7168K)
 Metaspace       used 79752K, committed 80448K, reserved 1122304K
  class space    used 10804K, committed 11072K, reserved 1048576K
}
Event: 13.351 GC heap before
{Heap before GC invocations=49 (full 0):
 garbage-first heap   total 187392K, used 105956K [0x00000000a0000000, 0x0000000100000000)
  region size 1024K, 25 young (25600K), 7 survivors (7168K)
 Metaspace       used 80204K, committed 80896K, reserved 1122304K
  class space    used 10851K, committed 11136K, reserved 1048576K
}
Event: 13.358 GC heap after
{Heap after GC invocations=50 (full 0):
 garbage-first heap   total 187392K, used 93794K [0x00000000a0000000, 0x0000000100000000)
  region size 1024K, 5 young (5120K), 5 survivors (5120K)
 Metaspace       used 80204K, committed 80896K, reserved 1122304K
  class space    used 10851K, committed 11136K, reserved 1048576K
}
Event: 14.084 GC heap before
{Heap before GC invocations=51 (full 0):
 garbage-first heap   total 187392K, used 153186K [0x00000000a0000000, 0x0000000100000000)
  region size 1024K, 58 young (59392K), 5 survivors (5120K)
 Metaspace       used 81902K, committed 82688K, reserved 1122304K
  class space    used 11115K, committed 11456K, reserved 1048576K
}
Event: 14.093 GC heap after
{Heap after GC invocations=52 (full 0):
 garbage-first heap   total 187392K, used 109555K [0x00000000a0000000, 0x0000000100000000)
  region size 1024K, 8 young (8192K), 8 survivors (8192K)
 Metaspace       used 81902K, committed 82688K, reserved 1122304K
  class space    used 11115K, committed 11456K, reserved 1048576K
}
Event: 14.105 GC heap before
{Heap before GC invocations=52 (full 0):
 garbage-first heap   total 187392K, used 110579K [0x00000000a0000000, 0x0000000100000000)
  region size 1024K, 9 young (9216K), 8 survivors (8192K)
 Metaspace       used 81910K, committed 82688K, reserved 1122304K
  class space    used 11115K, committed 11456K, reserved 1048576K
}
Event: 14.111 GC heap after
{Heap after GC invocations=53 (full 0):
 garbage-first heap   total 187392K, used 110339K [0x00000000a0000000, 0x0000000100000000)
  region size 1024K, 1 young (1024K), 1 survivors (1024K)
 Metaspace       used 81910K, committed 82688K, reserved 1122304K
  class space    used 11115K, committed 11456K, reserved 1048576K
}
Event: 14.609 GC heap before
{Heap before GC invocations=53 (full 0):
 garbage-first heap   total 187392K, used 149251K [0x00000000a0000000, 0x0000000100000000)
  region size 1024K, 40 young (40960K), 1 survivors (1024K)
 Metaspace       used 82341K, committed 83200K, reserved 1122304K
  class space    used 11161K, committed 11520K, reserved 1048576K
}
Event: 14.614 GC heap after
{Heap after GC invocations=54 (full 0):
 garbage-first heap   total 187392K, used 115589K [0x00000000a0000000, 0x0000000100000000)
  region size 1024K, 5 young (5120K), 5 survivors (5120K)
 Metaspace       used 82341K, committed 83200K, reserved 1122304K
  class space    used 11161K, committed 11520K, reserved 1048576K
}
Event: 15.062 GC heap before
{Heap before GC invocations=55 (full 0):
 garbage-first heap   total 206848K, used 150405K [0x00000000a0000000, 0x0000000100000000)
  region size 1024K, 39 young (39936K), 5 survivors (5120K)
 Metaspace       used 82770K, committed 83648K, reserved 1122304K
  class space    used 11215K, committed 11584K, reserved 1048576K
}
Event: 15.072 GC heap after
{Heap after GC invocations=56 (full 0):
 garbage-first heap   total 206848K, used 120917K [0x00000000a0000000, 0x0000000100000000)
  region size 1024K, 5 young (5120K), 5 survivors (5120K)
 Metaspace       used 82770K, committed 83648K, reserved 1122304K
  class space    used 11215K, committed 11584K, reserved 1048576K
}
Event: 15.137 GC heap before
{Heap before GC invocations=56 (full 0):
 garbage-first heap   total 206848K, used 126037K [0x00000000a0000000, 0x0000000100000000)
  region size 1024K, 10 young (10240K), 5 survivors (5120K)
 Metaspace       used 82855K, committed 83712K, reserved 1122304K
  class space    used 11227K, committed 11584K, reserved 1048576K
}
Event: 15.142 GC heap after
{Heap after GC invocations=57 (full 0):
 garbage-first heap   total 206848K, used 122988K [0x00000000a0000000, 0x0000000100000000)
  region size 1024K, 2 young (2048K), 2 survivors (2048K)
 Metaspace       used 82855K, committed 83712K, reserved 1122304K
  class space    used 11227K, committed 11584K, reserved 1048576K
}
Event: 15.643 GC heap before
{Heap before GC invocations=57 (full 0):
 garbage-first heap   total 206848K, used 164972K [0x00000000a0000000, 0x0000000100000000)
  region size 1024K, 43 young (44032K), 2 survivors (2048K)
 Metaspace       used 84637K, committed 85504K, reserved 1130496K
  class space    used 11495K, committed 11840K, reserved 1048576K
}

